2025-09-26 17:49:05, EXEC, v:1, k:animal, mode:FULL, rate:0, size:48
2025-09-26 17:52:31, EXEC, v:1, k:animal, mode:FULL, rate:25, size:48
2025-09-26 17:59:02, MOVE, v:1, k:animal, mode:PICK
2025-09-26 17:59:03, EXEC, v:1, k:animal, mode:FULL, rate:25
2025-09-26 17:59:04, EXEC, v:1, k:animal, mode:FULL, rate:25
2025-09-26 17:59:08, EXEC, v:1, k:animal, mode:FULL, rate:25
2025-09-26 17:59:36, EXEC, v:1, k:animal, mode:FULL, rate:0, size:48
2025-09-26 17:59:50, EXEC, v:1, k:animal, mode:FULL, rate:25, size:48
2025-09-26 18:06:37, EXEC, v:1, k:animal, mode:FULL, rate:25, size:50
2025-09-26 18:07:02, EXEC, v:1, k:animal, mode:FULL, rate:0, size:50
2025-09-26 18:09:48, EXEC, v:1, k:animal, mode:FULL, rate:25, size:50
2025-09-26 18:12:11, EXEC, v:1, k:animal, mode:FULL, rate:25, size:50
2025-09-26 18:18:42, EXEC, v:1, k:animal, mode:FULL, rate:25
2025-09-26 18:23:34, EXEC, v:1, k:animal, mode:FULL, rate:25, size:51
2025-09-26 18:23:57, EXEC, v:1, k:animal, mode:FULL, rate:25, size:51
2025-09-26 18:24:07, EXEC, v:1, k:animal, mode:FULL, rate:25, size:50
2025-09-26 18:28:09, EXEC, v:1, k:animal, mode:FULL, rate:25, size:50
2025-09-26 18:33:15, EXEC, v:1, k:animal, mode:FULL, rate:25, size:49
2025-09-26 18:35:35, EXEC, v:1, k:animal, mode:FULL, rate:25, size:51
2025-09-26 18:36:20, EXEC, v:1, k:animal, mode:FULL, rate:25, size:50
2025-09-26 18:50:16, EXEC, v:1, k:animal, mode:FULL, rate:25, size:51
2025-09-26 18:51:20, EXEC, v:1, k:animal, mode:FULL, rate:25, size:50
2025-09-26 18:51:41, EXEC, v:1, k:animal, mode:FULL, rate:25, size:50
2025-09-26 19:03:07, EXEC, v:1, k:animal, mode:FULL, rate:0, size:50
2025-09-26 19:09:15, EXEC, v:1, k:animal, mode:FULL, rate:25, size:50
2025-09-26 19:18:33, EXEC, v:1, k:animal, mode:FULL, rate:25, size:50
2025-09-26 19:18:34, EXEC, v:1, k:animal, mode:FULL, rate:25
2025-09-26 19:18:36, EXEC, v:1, k:animal, mode:FULL, rate:25
2025-09-26 19:20:11, EXEC, v:1, k:animal, mode:FULL, rate:50, size:51
2025-09-26 19:40:04, EXEC, v:1, k:animal, mode:FULL, rate:25, size:53
2025-09-26 19:41:49, EXEC, v:1, k:animal, mode:FULL, rate:50, size:53
2025-09-26 19:46:05, EXEC, v:1, k:animal, mode:FULL, rate:50, size:53
2025-09-26 19:52:48, EXEC, v:1, k:animal, mode:FULL, rate:50, size:54
2025-09-26 19:53:20, EXEC, v:1, k:animal, mode:FULL, rate:50, size:54
2025-09-26 19:53:42, EXEC, v:1, k:animal, mode:FULL, rate:50, size:53
2025-09-26 19:55:51, EXEC, v:1, k:animal, mode:FULL, rate:50, size:54
2025-09-26 19:56:50, EXEC, v:1, k:animal, mode:FULL, rate:50, size:53
2025-09-26 19:58:54, EXEC, v:1, k:animal, mode:FULL, rate:50, size:56
2025-09-26 19:59:10, EXEC, v:1, k:animal, mode:FULL, rate:50, size:55
2025-09-26 20:09:56, EXEC, v:1, k:animal, mode:FULL, rate:50, size:54
2025-09-26 20:09:59, EXEC, v:1, k:animal, mode:FULL, rate:50
2025-09-26 20:10:07, EXEC, v:1, k:animal, mode:FULL, rate:50, size:54
2025-09-26 20:12:11, EXEC, v:1, k:animal, mode:FULL, rate:50, size:54
2025-09-26 20:44:36, EXEC, v:1, k:animal, mode:FULL, rate:100, size:53
2025-09-26 20:45:04, EXEC, v:1, k:animal, mode:FULL, rate:100
2025-09-26 20:45:06, EXEC, v:1, k:animal, mode:FULL, rate:100
2025-09-26 20:48:36, MOVE, v:1, k:animal, mode:BACK
2025-09-26 20:48:50, MOVE, v:1, k:toalha, mode:PICK
2025-09-26 20:48:52, EXEC, v:1, k:toalha, mode:LOCK, rate:0, size:57
2025-09-26 20:48:53, EXEC, v:1, k:toalha, mode:LOCK, rate:0
2025-09-26 20:48:56, MOVE, v:1, k:toalha, mode:BACK
2025-09-26 20:49:03, MOVE, v:1, k:calculadora, mode:DOWN
2025-09-26 20:49:12, EXEC, v:1, k:animal, mode:FULL, rate:100
2025-09-26 20:49:13, EXEC, v:1, k:animal, mode:FULL, rate:100
2025-09-26 20:49:14, MOVE, v:1, k:animal, mode:BACK
2025-09-26 20:49:18, MOVE, v:1, k:calculadora, mode:PICK
2025-09-26 20:49:19, EXEC, v:1, k:calculadora, mode:FULL, rate:0, size:0
2025-09-26 21:14:26, MOVE, v:1, k:calculadora, mode:PICK
2025-09-26 21:14:29, EXEC, v:1, k:calculadora, mode:FULL, rate:0, size:3
2025-09-26 21:34:33, EXEC, v:1, k:calculadora, mode:FULL, rate:0, size:29
2025-09-26 21:44:29, EXEC, v:1, k:calculadora, mode:FULL, rate:0
2025-09-26 21:45:23, EXEC, v:1, k:calculadora, mode:FULL, rate:0, size:28
2025-09-26 21:46:32, EXEC, v:1, k:calculadora, mode:FULL, rate:0, size:28
2025-09-26 21:46:45, EXEC, v:1, k:calculadora, mode:FULL, rate:9, size:28
2025-09-26 21:54:40, EXEC, v:1, k:calculadora, mode:FULL, rate:9, size:25
2025-09-26 22:13:05, EXEC, v:1, k:calculadora, mode:FULL, rate:9, size:32
2025-09-26 22:14:06, EXEC, v:1, k:calculadora, mode:FULL, rate:9, size:32
2025-09-26 22:16:10, EXEC, v:1, k:calculadora, mode:FULL, rate:9, size:33
2025-09-26 22:17:33, EXEC, v:1, k:calculadora, mode:FULL, rate:9, size:32
2025-09-26 22:21:55, EXEC, v:1, k:calculadora, mode:FULL, rate:9
2025-09-26 22:23:26, EXEC, v:1, k:calculadora, mode:FULL, rate:9
2025-09-26 22:25:11, EXEC, v:1, k:calculadora, mode:FULL, rate:9, size:31
2025-09-26 22:26:18, EXEC, v:1, k:calculadora, mode:FULL, rate:9, size:31
2025-09-26 22:27:10, EXEC, v:1, k:calculadora, mode:FULL, rate:9, size:32
2025-09-26 22:27:50, EXEC, v:1, k:calculadora, mode:FULL, rate:9
2025-09-26 22:28:04, EXEC, v:1, k:calculadora, mode:FULL, rate:18, size:32
2025-09-26 22:30:25, EXEC, v:1, k:calculadora, mode:FULL, rate:0, size:34
2025-09-26 22:30:40, EXEC, v:1, k:calculadora, mode:FULL, rate:9, size:34
2025-09-26 22:30:51, EXEC, v:1, k:calculadora, mode:FULL, rate:18, size:34
2025-09-26 22:35:58, EXEC, v:1, k:calculadora, mode:FULL, rate:18
2025-09-26 22:53:13, EXEC, v:1, k:calculadora, mode:FULL, rate:0, size:35
2025-09-26 22:58:14, EXEC, v:1, k:calculadora, mode:FULL, rate:0, size:35
2025-09-26 23:01:26, EXEC, v:1, k:calculadora, mode:FULL, rate:0, size:35
2025-09-26 23:02:22, EXEC, v:1, k:calculadora, mode:FULL, rate:9, size:34
2025-09-26 23:06:56, EXEC, v:1, k:calculadora, mode:FULL, rate:0, size:35
2025-09-26 23:11:24, EXEC, v:1, k:calculadora, mode:FULL, rate:9, size:34
2025-09-26 23:12:28, EXEC, v:1, k:calculadora, mode:FULL, rate:0, size:35
2025-09-26 23:20:08, EXEC, v:1, k:calculadora, mode:FULL, rate:0, size:36
2025-09-26 23:20:11, EXEC, v:1, k:calculadora, mode:FULL, rate:0
2025-09-26 23:20:43, EXEC, v:1, k:calculadora, mode:FULL, rate:0, size:35
2025-09-26 23:20:50, EXEC, v:1, k:calculadora, mode:FULL, rate:0, size:35
2025-09-26 23:22:16, EXEC, v:1, k:calculadora, mode:FULL, rate:0, size:35
2025-09-26 23:22:23, EXEC, v:1, k:calculadora, mode:FULL, rate:9, size:34
2025-09-26 23:22:36, EXEC, v:1, k:calculadora, mode:FULL, rate:0, size:35
2025-09-26 23:23:46, EXEC, v:1, k:calculadora, mode:FULL, rate:9, size:34
2025-09-26 23:24:15, EXEC, v:1, k:calculadora, mode:FULL, rate:9, size:34
2025-09-26 23:24:34, EXEC, v:1, k:calculadora, mode:FULL, rate:0, size:35
2025-09-26 23:25:13, EXEC, v:1, k:calculadora, mode:FULL, rate:9, size:34
2025-09-26 23:27:29, EXEC, v:1, k:calculadora, mode:FULL, rate:9, size:32
2025-09-26 23:27:42, EXEC, v:1, k:calculadora, mode:FULL, rate:18, size:32
2025-09-26 23:29:53, EXEC, v:1, k:calculadora, mode:FULL, rate:18, size:34
2025-09-26 23:30:07, EXEC, v:1, k:calculadora, mode:FULL, rate:18, size:34
2025-09-26 23:30:37, EXEC, v:1, k:calculadora, mode:FULL, rate:18, size:34
2025-09-26 23:33:31, EXEC, v:1, k:calculadora, mode:FULL, rate:18
2025-09-26 23:35:47, EXEC, v:1, k:calculadora, mode:FULL, rate:18
2025-09-26 23:40:05, EXEC, v:1, k:calculadora, mode:FULL, rate:18, size:34
2025-09-26 23:46:59, EXEC, v:1, k:calculadora, mode:FULL, rate:18
2025-09-26 23:50:49, EXEC, v:1, k:calculadora, mode:FULL, rate:0, size:34
2025-09-26 23:52:16, EXEC, v:1, k:calculadora, mode:FULL, rate:0, size:35
2025-09-26 23:52:30, EXEC, v:1, k:calculadora, mode:FULL, rate:0, size:34
2025-09-26 23:52:41, EXEC, v:1, k:calculadora, mode:FULL, rate:18, size:34
2025-09-26 23:54:44, EXEC, v:1, k:calculadora, mode:FULL, rate:18, size:34
